<?xml version="1.0" encoding="UTF-8"?>
<!-- Generated by org.testng.reporters.JUnitReportReporter -->
<testsuite hostname="DESKTOP-P9PAO5R" failures="0" tests="1" name="com.test.com.TestClass2" time="41.062" errors="0" timestamp="2024-04-13T13:35:22 IST" skipped="0">
  <testcase classname="com.test.com.TestClass2" name="test" time="41.062"/>
  <system-out/>
</testsuite> <!-- com.test.com.TestClass2 -->
