<?xml version="1.0" encoding="UTF-8"?>
<!-- Generated by org.testng.reporters.JUnitReportReporter -->
<testsuite hostname="DESKTOP-P9PAO5R" failures="0" tests="1" name="com.test.com.testclass" time="34.162" errors="0" timestamp="2024-04-13T13:35:22 IST" skipped="0">
  <testcase classname="com.test.com.testclass" name="testing" time="34.162"/>
  <system-out/>
</testsuite> <!-- com.test.com.testclass -->
