<?xml version="1.0" encoding="UTF-8"?>
<!-- Generated by org.testng.reporters.JUnitReportReporter -->
<testsuite hostname="DESKTOP-P9PAO5R" failures="0" tests="1" name="com.test.com.testclass" time="61.278" errors="0" timestamp="2024-04-13T19:56:04 IST" skipped="0">
  <testcase classname="com.test.com.testclass" name="testing" time="61.278"/>
</testsuite> <!-- com.test.com.testclass -->
